Input n - matrix size in x direction:  
Input m - matrix size in y direction: 
Input alpha - Helmholtz constant:  
Input relax - Successive over-relaxation parameter: 
Input tol - error tolerance for iterrative solver:  
Input mits - Maximum iterations for solver:  
-> matrix size: 18000x18000
-> alpha: 0.800000
-> relax: 1.000000
-> tolerance: 0.000000
-> #of iterations: 20 

 Number of iterations : 20
 Residual             : 5.497486e-13
 Solution Error       : 0.000029627973
 Elapsed Time         : 17.5641270
 MFlops               : 4795.073552
Input n - matrix size in x direction:  
Input m - matrix size in y direction: 
Input alpha - Helmholtz constant:  
Input relax - Successive over-relaxation parameter: 
Input tol - error tolerance for iterrative solver:  
Input mits - Maximum iterations for solver:  
-> matrix size: 18000x18000
-> alpha: 0.800000
-> relax: 1.000000
-> tolerance: 0.000000
-> #of iterations: 20 

 Number of iterations : 20
 Residual             : 5.497486e-13
 Solution Error       : 0.000029627973
 Elapsed Time         : 17.5637179
 MFlops               : 4795.185257
Input n - matrix size in x direction:  
Input m - matrix size in y direction: 
Input alpha - Helmholtz constant:  
Input relax - Successive over-relaxation parameter: 
Input tol - error tolerance for iterrative solver:  
Input mits - Maximum iterations for solver:  
-> matrix size: 18000x18000
-> alpha: 0.800000
-> relax: 1.000000
-> tolerance: 0.000000
-> #of iterations: 20 

 Number of iterations : 20
 Residual             : 5.497486e-13
 Solution Error       : 0.000029627973
 Elapsed Time         : 17.5388005
 MFlops               : 4801.997787
Input n - matrix size in x direction:  
Input m - matrix size in y direction: 
Input alpha - Helmholtz constant:  
Input relax - Successive over-relaxation parameter: 
Input tol - error tolerance for iterrative solver:  
Input mits - Maximum iterations for solver:  
-> matrix size: 18000x18000
-> alpha: 0.800000
-> relax: 1.000000
-> tolerance: 0.000000
-> #of iterations: 20 

 Number of iterations : 20
 Residual             : 5.497486e-13
 Solution Error       : 0.000029627973
 Elapsed Time         : 17.5362324
 MFlops               : 4802.700997
Input n - matrix size in x direction:  
Input m - matrix size in y direction: 
Input alpha - Helmholtz constant:  
Input relax - Successive over-relaxation parameter: 
Input tol - error tolerance for iterrative solver:  
Input mits - Maximum iterations for solver:  
-> matrix size: 18000x18000
-> alpha: 0.800000
-> relax: 1.000000
-> tolerance: 0.000000
-> #of iterations: 20 

 Number of iterations : 20
 Residual             : 5.497486e-13
 Solution Error       : 0.000029627973
 Elapsed Time         : 17.5140084
 MFlops               : 4808.795295
Input n - matrix size in x direction:  
Input m - matrix size in y direction: 
Input alpha - Helmholtz constant:  
Input relax - Successive over-relaxation parameter: 
Input tol - error tolerance for iterrative solver:  
Input mits - Maximum iterations for solver:  
-> matrix size: 18000x18000
-> alpha: 0.800000
-> relax: 1.000000
-> tolerance: 0.000000
-> #of iterations: 20 

 Number of iterations : 20
 Residual             : 5.497486e-13
 Solution Error       : 0.000029627973
 Elapsed Time         : 17.5371867
 MFlops               : 4802.439657
Input n - matrix size in x direction:  
Input m - matrix size in y direction: 
Input alpha - Helmholtz constant:  
Input relax - Successive over-relaxation parameter: 
Input tol - error tolerance for iterrative solver:  
Input mits - Maximum iterations for solver:  
-> matrix size: 18000x18000
-> alpha: 0.800000
-> relax: 1.000000
-> tolerance: 0.000000
-> #of iterations: 20 

 Number of iterations : 20
 Residual             : 5.497486e-13
 Solution Error       : 0.000029627973
 Elapsed Time         : 17.5369814
 MFlops               : 4802.495887
