Input n - matrix size in x direction:  
Input m - matrix size in y direction: 
Input alpha - Helmholtz constant:  
Input relax - Successive over-relaxation parameter: 
Input tol - error tolerance for iterrative solver:  
Input mits - Maximum iterations for solver:  
-> matrix size: 36000x36000
-> alpha: 0.800000
-> relax: 1.000000
-> tolerance: 0.000000
-> #of iterations: 20 

 Number of iterations : 20
 Residual             : 6.871459e-14
 Solution Error       : 0.000014815174
 Elapsed Time         : 18.3449473
 MFlops               : 18365.959574
Input n - matrix size in x direction:  
Input m - matrix size in y direction: 
Input alpha - Helmholtz constant:  
Input relax - Successive over-relaxation parameter: 
Input tol - error tolerance for iterrative solver:  
Input mits - Maximum iterations for solver:  
-> matrix size: 36000x36000
-> alpha: 0.800000
-> relax: 1.000000
-> tolerance: 0.000000
-> #of iterations: 20 

 Number of iterations : 20
 Residual             : 6.871459e-14
 Solution Error       : 0.000014815174
 Elapsed Time         : 18.5907362
 MFlops               : 18123.142458
Input n - matrix size in x direction:  
Input m - matrix size in y direction: 
Input alpha - Helmholtz constant:  
Input relax - Successive over-relaxation parameter: 
Input tol - error tolerance for iterrative solver:  
Input mits - Maximum iterations for solver:  
-> matrix size: 36000x36000
-> alpha: 0.800000
-> relax: 1.000000
-> tolerance: 0.000000
-> #of iterations: 20 

 Number of iterations : 20
 Residual             : 6.871459e-14
 Solution Error       : 0.000014815174
 Elapsed Time         : 18.1329273
 MFlops               : 18580.704299
Input n - matrix size in x direction:  
Input m - matrix size in y direction: 
Input alpha - Helmholtz constant:  
Input relax - Successive over-relaxation parameter: 
Input tol - error tolerance for iterrative solver:  
Input mits - Maximum iterations for solver:  
-> matrix size: 36000x36000
-> alpha: 0.800000
-> relax: 1.000000
-> tolerance: 0.000000
-> #of iterations: 20 

 Number of iterations : 20
 Residual             : 6.871459e-14
 Solution Error       : 0.000014815174
 Elapsed Time         : 18.4553300
 MFlops               : 18256.111438
Input n - matrix size in x direction:  
Input m - matrix size in y direction: 
Input alpha - Helmholtz constant:  
Input relax - Successive over-relaxation parameter: 
Input tol - error tolerance for iterrative solver:  
Input mits - Maximum iterations for solver:  
-> matrix size: 36000x36000
-> alpha: 0.800000
-> relax: 1.000000
-> tolerance: 0.000000
-> #of iterations: 20 

 Number of iterations : 20
 Residual             : 6.871459e-14
 Solution Error       : 0.000014815174
 Elapsed Time         : 18.1485614
 MFlops               : 18564.697997
Input n - matrix size in x direction:  
Input m - matrix size in y direction: 
Input alpha - Helmholtz constant:  
Input relax - Successive over-relaxation parameter: 
Input tol - error tolerance for iterrative solver:  
Input mits - Maximum iterations for solver:  
-> matrix size: 36000x36000
-> alpha: 0.800000
-> relax: 1.000000
-> tolerance: 0.000000
-> #of iterations: 20 

 Number of iterations : 20
 Residual             : 6.871459e-14
 Solution Error       : 0.000014815174
 Elapsed Time         : 18.1488061
 MFlops               : 18564.447672
Input n - matrix size in x direction:  
Input m - matrix size in y direction: 
Input alpha - Helmholtz constant:  
Input relax - Successive over-relaxation parameter: 
Input tol - error tolerance for iterrative solver:  
Input mits - Maximum iterations for solver:  
-> matrix size: 36000x36000
-> alpha: 0.800000
-> relax: 1.000000
-> tolerance: 0.000000
-> #of iterations: 20 

 Number of iterations : 20
 Residual             : 6.871459e-14
 Solution Error       : 0.000014815174
 Elapsed Time         : 18.7039561
 MFlops               : 18013.438396
