Input n - matrix size in x direction:  
Input m - matrix size in y direction: 
Input alpha - Helmholtz constant:  
Input relax - Successive over-relaxation parameter: 
Input tol - error tolerance for iterrative solver:  
Input mits - Maximum iterations for solver:  
-> matrix size: 25455x25455
-> alpha: 0.800000
-> relax: 1.000000
-> tolerance: 0.000000
-> #of iterations: 20 

 Number of iterations : 20
 Residual             : 1.943765e-13
 Solution Error       : 0.000020952723
 Elapsed Time         : 19.3693813
 MFlops               : 8696.320827
Input n - matrix size in x direction:  
Input m - matrix size in y direction: 
Input alpha - Helmholtz constant:  
Input relax - Successive over-relaxation parameter: 
Input tol - error tolerance for iterrative solver:  
Input mits - Maximum iterations for solver:  
-> matrix size: 25455x25455
-> alpha: 0.800000
-> relax: 1.000000
-> tolerance: 0.000000
-> #of iterations: 20 

 Number of iterations : 20
 Residual             : 1.943765e-13
 Solution Error       : 0.000020952723
 Elapsed Time         : 19.4755413
 MFlops               : 8648.917719
Input n - matrix size in x direction:  
Input m - matrix size in y direction: 
Input alpha - Helmholtz constant:  
Input relax - Successive over-relaxation parameter: 
Input tol - error tolerance for iterrative solver:  
Input mits - Maximum iterations for solver:  
-> matrix size: 25455x25455
-> alpha: 0.800000
-> relax: 1.000000
-> tolerance: 0.000000
-> #of iterations: 20 

 Number of iterations : 20
 Residual             : 1.943765e-13
 Solution Error       : 0.000020952723
 Elapsed Time         : 19.1430897
 MFlops               : 8799.120555
Input n - matrix size in x direction:  
Input m - matrix size in y direction: 
Input alpha - Helmholtz constant:  
Input relax - Successive over-relaxation parameter: 
Input tol - error tolerance for iterrative solver:  
Input mits - Maximum iterations for solver:  
-> matrix size: 25455x25455
-> alpha: 0.800000
-> relax: 1.000000
-> tolerance: 0.000000
-> #of iterations: 20 

 Number of iterations : 20
 Residual             : 1.943765e-13
 Solution Error       : 0.000020952723
 Elapsed Time         : 19.3335933
 MFlops               : 8712.418395
Input n - matrix size in x direction:  
Input m - matrix size in y direction: 
Input alpha - Helmholtz constant:  
Input relax - Successive over-relaxation parameter: 
Input tol - error tolerance for iterrative solver:  
Input mits - Maximum iterations for solver:  
-> matrix size: 25455x25455
-> alpha: 0.800000
-> relax: 1.000000
-> tolerance: 0.000000
-> #of iterations: 20 

 Number of iterations : 20
 Residual             : 1.943765e-13
 Solution Error       : 0.000020952723
 Elapsed Time         : 19.1560950
 MFlops               : 8793.146728
Input n - matrix size in x direction:  
Input m - matrix size in y direction: 
Input alpha - Helmholtz constant:  
Input relax - Successive over-relaxation parameter: 
Input tol - error tolerance for iterrative solver:  
Input mits - Maximum iterations for solver:  
-> matrix size: 25455x25455
-> alpha: 0.800000
-> relax: 1.000000
-> tolerance: 0.000000
-> #of iterations: 20 

 Number of iterations : 20
 Residual             : 1.943765e-13
 Solution Error       : 0.000020952723
 Elapsed Time         : 19.5459939
 MFlops               : 8617.743107
Input n - matrix size in x direction:  
Input m - matrix size in y direction: 
Input alpha - Helmholtz constant:  
Input relax - Successive over-relaxation parameter: 
Input tol - error tolerance for iterrative solver:  
Input mits - Maximum iterations for solver:  
-> matrix size: 25455x25455
-> alpha: 0.800000
-> relax: 1.000000
-> tolerance: 0.000000
-> #of iterations: 20 

 Number of iterations : 20
 Residual             : 1.943765e-13
 Solution Error       : 0.000020952723
 Elapsed Time         : 19.4259034
 MFlops               : 8671.017808
