Input n - matrix size in x direction:  
Input m - matrix size in y direction: 
Input alpha - Helmholtz constant:  
Input relax - Successive over-relaxation parameter: 
Input tol - error tolerance for iterrative solver:  
Input mits - Maximum iterations for solver:  
-> matrix size: 31176x31176
-> alpha: 0.800000
-> relax: 1.000000
-> tolerance: 0.000000
-> #of iterations: 20 

 Number of iterations : 20
 Residual             : 1.058022e-13
 Solution Error       : 0.000017108252
 Elapsed Time         : 9.1318666
 MFlops               : 27669.343267
Input n - matrix size in x direction:  
Input m - matrix size in y direction: 
Input alpha - Helmholtz constant:  
Input relax - Successive over-relaxation parameter: 
Input tol - error tolerance for iterrative solver:  
Input mits - Maximum iterations for solver:  
-> matrix size: 31176x31176
-> alpha: 0.800000
-> relax: 1.000000
-> tolerance: 0.000000
-> #of iterations: 20 

 Number of iterations : 20
 Residual             : 1.058022e-13
 Solution Error       : 0.000017108252
 Elapsed Time         : 9.1155196
 MFlops               : 27718.963185
Input n - matrix size in x direction:  
Input m - matrix size in y direction: 
Input alpha - Helmholtz constant:  
Input relax - Successive over-relaxation parameter: 
Input tol - error tolerance for iterrative solver:  
Input mits - Maximum iterations for solver:  
-> matrix size: 31176x31176
-> alpha: 0.800000
-> relax: 1.000000
-> tolerance: 0.000000
-> #of iterations: 20 

 Number of iterations : 20
 Residual             : 1.058022e-13
 Solution Error       : 0.000017108252
 Elapsed Time         : 9.1183517
 MFlops               : 27710.353800
Input n - matrix size in x direction:  
Input m - matrix size in y direction: 
Input alpha - Helmholtz constant:  
Input relax - Successive over-relaxation parameter: 
Input tol - error tolerance for iterrative solver:  
Input mits - Maximum iterations for solver:  
-> matrix size: 31176x31176
-> alpha: 0.800000
-> relax: 1.000000
-> tolerance: 0.000000
-> #of iterations: 20 

 Number of iterations : 20
 Residual             : 1.058022e-13
 Solution Error       : 0.000017108252
 Elapsed Time         : 9.0715568
 MFlops               : 27853.295477
Input n - matrix size in x direction:  
Input m - matrix size in y direction: 
Input alpha - Helmholtz constant:  
Input relax - Successive over-relaxation parameter: 
Input tol - error tolerance for iterrative solver:  
Input mits - Maximum iterations for solver:  
-> matrix size: 31176x31176
-> alpha: 0.800000
-> relax: 1.000000
-> tolerance: 0.000000
-> #of iterations: 20 

